<?xml version="1.0" encoding="UTF-8"?>
<testng-results ignored="0" total="1" passed="1" failed="0" skipped="0">
  <reporter-output>
  </reporter-output>
  <suite started-at="2021-09-18T16:46:40 IST" name="Default suite" finished-at="2021-09-18T16:47:34 IST" duration-ms="53669">
    <groups>
    </groups>
    <test started-at="2021-09-18T16:46:40 IST" name="Default test" finished-at="2021-09-18T16:47:34 IST" duration-ms="53669">
      <class name="testcases.VerifyLogin">
        <test-method is-config="true" signature="preCondition()[pri:0, instance:testcases.VerifyLogin@6340e5f0]" started-at="2021-09-18T16:46:40 IST" name="preCondition" finished-at="2021-09-18T16:47:26 IST" duration-ms="46030" status="PASS">
          <reporter-output>
          </reporter-output>
        </test-method> <!-- preCondition -->
        <test-method signature="login()[pri:0, instance:testcases.VerifyLogin@6340e5f0]" started-at="2021-09-18T16:47:26 IST" name="login" finished-at="2021-09-18T16:47:32 IST" duration-ms="6097" status="PASS">
          <reporter-output>
          </reporter-output>
        </test-method> <!-- login -->
        <test-method is-config="true" signature="postCondition()[pri:0, instance:testcases.VerifyLogin@6340e5f0]" started-at="2021-09-18T16:47:32 IST" name="postCondition" finished-at="2021-09-18T16:47:34 IST" duration-ms="1509" status="PASS">
          <reporter-output>
          </reporter-output>
        </test-method> <!-- postCondition -->
      </class> <!-- testcases.VerifyLogin -->
    </test> <!-- Default test -->
  </suite> <!-- Default suite -->
</testng-results>
